Performing C SOURCE FILE Test CMAKE_HAVE_LIBC_PTHREAD failed with the following output:
Change Dir: /home/maya/CLionProjects/lab_1/CMakeFiles/CMakeTmp

Run Build Command(s):/usr/bin/make cmTC_a9817/fast && /usr/bin/make -f CMakeFiles/cmTC_a9817.dir/build.make CMakeFiles/cmTC_a9817.dir/build
make[1]: вход в каталог «/home/maya/CLionProjects/lab_1/CMakeFiles/CMakeTmp»
Building C object CMakeFiles/cmTC_a9817.dir/src.c.o
/usr/bin/cc   -DCMAKE_HAVE_LIBC_PTHREAD   -o CMakeFiles/cmTC_a9817.dir/src.c.o   -c /home/maya/CLionProjects/lab_1/CMakeFiles/CMakeTmp/src.c
Linking C executable cmTC_a9817
/snap/clion/88/bin/cmake/linux/bin/cmake -E cmake_link_script CMakeFiles/cmTC_a9817.dir/link.txt --verbose=1
/usr/bin/cc  -DCMAKE_HAVE_LIBC_PTHREAD    CMakeFiles/cmTC_a9817.dir/src.c.o  -o cmTC_a9817 
CMakeFiles/cmTC_a9817.dir/src.c.o: In function `main':
src.c:(.text+0x3e): undefined reference to `pthread_create'
src.c:(.text+0x4a): undefined reference to `pthread_detach'
src.c:(.text+0x5b): undefined reference to `pthread_join'
src.c:(.text+0x6f): undefined reference to `pthread_atfork'
collect2: error: ld returned 1 exit status
CMakeFiles/cmTC_a9817.dir/build.make:86: recipe for target 'cmTC_a9817' failed
make[1]: *** [cmTC_a9817] Error 1
make[1]: выход из каталога «/home/maya/CLionProjects/lab_1/CMakeFiles/CMakeTmp»
Makefile:121: recipe for target 'cmTC_a9817/fast' failed
make: *** [cmTC_a9817/fast] Error 2


Source file was:
#include <pthread.h>

void* test_func(void* data)
{
  return data;
}

int main(void)
{
  pthread_t thread;
  pthread_create(&thread, NULL, test_func, NULL);
  pthread_detach(thread);
  pthread_join(thread, NULL);
  pthread_atfork(NULL, NULL, NULL);
  pthread_exit(NULL);

  return 0;
}

Determining if the function pthread_create exists in the pthreads failed with the following output:
Change Dir: /home/maya/CLionProjects/lab_1/CMakeFiles/CMakeTmp

Run Build Command(s):/usr/bin/make cmTC_f9d9c/fast && /usr/bin/make -f CMakeFiles/cmTC_f9d9c.dir/build.make CMakeFiles/cmTC_f9d9c.dir/build
make[1]: вход в каталог «/home/maya/CLionProjects/lab_1/CMakeFiles/CMakeTmp»
Building C object CMakeFiles/cmTC_f9d9c.dir/CheckFunctionExists.c.o
/usr/bin/cc   -DCHECK_FUNCTION_EXISTS=pthread_create   -o CMakeFiles/cmTC_f9d9c.dir/CheckFunctionExists.c.o   -c /snap/clion/88/bin/cmake/linux/share/cmake-3.15/Modules/CheckFunctionExists.c
Linking C executable cmTC_f9d9c
/snap/clion/88/bin/cmake/linux/bin/cmake -E cmake_link_script CMakeFiles/cmTC_f9d9c.dir/link.txt --verbose=1
/usr/bin/cc  -DCHECK_FUNCTION_EXISTS=pthread_create    CMakeFiles/cmTC_f9d9c.dir/CheckFunctionExists.c.o  -o cmTC_f9d9c -lpthreads 
/usr/bin/ld: cannot find -lpthreads
collect2: error: ld returned 1 exit status
CMakeFiles/cmTC_f9d9c.dir/build.make:86: recipe for target 'cmTC_f9d9c' failed
make[1]: *** [cmTC_f9d9c] Error 1
make[1]: выход из каталога «/home/maya/CLionProjects/lab_1/CMakeFiles/CMakeTmp»
Makefile:121: recipe for target 'cmTC_f9d9c/fast' failed
make: *** [cmTC_f9d9c/fast] Error 2



Determining if the pthread_create exist failed with the following output:
Change Dir: /home/maya/CLionProjects/lab_1/CMakeFiles/CMakeTmp

Run Build Command:"/usr/bin/make" "cmTC_e33c9/fast"
/usr/bin/make -f CMakeFiles/cmTC_e33c9.dir/build.make CMakeFiles/cmTC_e33c9.dir/build
make[1]: вход в каталог «/home/maya/CLionProjects/lab_1/CMakeFiles/CMakeTmp»
Building C object CMakeFiles/cmTC_e33c9.dir/CheckSymbolExists.c.o
/usr/bin/cc    -o CMakeFiles/cmTC_e33c9.dir/CheckSymbolExists.c.o   -c /home/maya/CLionProjects/lab_1/CMakeFiles/CMakeTmp/CheckSymbolExists.c
Linking C executable cmTC_e33c9
/usr/bin/cmake -E cmake_link_script CMakeFiles/cmTC_e33c9.dir/link.txt --verbose=1
/usr/bin/cc      CMakeFiles/cmTC_e33c9.dir/CheckSymbolExists.c.o  -o cmTC_e33c9 
CMakeFiles/cmTC_e33c9.dir/CheckSymbolExists.c.o: In function `main':
CheckSymbolExists.c:(.text+0x1b): undefined reference to `pthread_create'
collect2: error: ld returned 1 exit status
CMakeFiles/cmTC_e33c9.dir/build.make:97: recipe for target 'cmTC_e33c9' failed
make[1]: *** [cmTC_e33c9] Error 1
make[1]: выход из каталога «/home/maya/CLionProjects/lab_1/CMakeFiles/CMakeTmp»
Makefile:126: recipe for target 'cmTC_e33c9/fast' failed
make: *** [cmTC_e33c9/fast] Error 2

File /home/maya/CLionProjects/lab_1/CMakeFiles/CMakeTmp/CheckSymbolExists.c:
/* */
#include <pthread.h>

int main(int argc, char** argv)
{
  (void)argv;
#ifndef pthread_create
  return ((int*)(&pthread_create))[argc];
#else
  (void)argc;
  return 0;
#endif
}

